Построение начато 15.10.2016 0:21:25.
     1>Проект "D:\lb4\lb4\lb4.vcxproj" в узле 2 (целевые объекты build).
     1>InitializeBuildStatus:
         Создание "Debug\lb4.unsuccessfulbuild", так как было задано "AlwaysCreate".
       ClCompile:
         Для всех выходных данных обновления не требуется.
         d:\Visual Studio\VC\bin\CL.exe /c /ZI /nologo /W3 /WX- /Od /Oy- /D WIN32 /D _DEBUG /D _CONSOLE /D _UNICODE /D UNICODE /Gm /EHsc /RTC1 /MDd /GS /fp:precise /Zc:wchar_t /Zc:forScope /Yu"StdAfx.h" /Fp"Debug\lb4.pch" /Fo"Debug\\" /Fd"Debug\vc100.pdb" /Gd /TP /analyze- /errorReport:prompt answer.cpp exam.cpp finexam.cpp lb4.cpp question.cpp result.cpp test.cpp
         lb4.cpp
         Создание кода...
         Компиляция...
         test.cpp
         result.cpp
         question.cpp
         finexam.cpp
         exam.cpp
         answer.cpp
         Создание кода...
       ManifestResourceCompile:
         Для всех выходных данных обновления не требуется.
       Link:
         d:\Visual Studio\VC\bin\link.exe /ERRORREPORT:PROMPT /OUT:"D:\lb4\Debug\lb4.exe" /INCREMENTAL /NOLOGO kernel32.lib user32.lib gdi32.lib winspool.lib comdlg32.lib advapi32.lib shell32.lib ole32.lib oleaut32.lib uuid.lib odbc32.lib odbccp32.lib /MANIFEST /ManifestFile:"Debug\lb4.exe.intermediate.manifest" /MANIFESTUAC:"level='asInvoker' uiAccess='false'" /DEBUG /PDB:"D:\lb4\Debug\lb4.pdb" /SUBSYSTEM:CONSOLE /TLBID:1 /DYNAMICBASE /NXCOMPAT /IMPLIB:"D:\lb4\Debug\lb4.lib" /MACHINE:X86 Debug\lb4.exe.embed.manifest.res
         Debug\answer.obj
         Debug\exam.obj
         Debug\finexam.obj
         Debug\ispytanie.obj
         Debug\lb4.obj
         Debug\Person.obj
         Debug\Printer.obj
         Debug\question.obj
         Debug\result.obj
         Debug\stdafx.obj
         Debug\test.obj
       Manifest:
         C:\Program Files (x86)\Microsoft SDKs\Windows\v7.0A\bin\mt.exe /nologo /verbose /out:"Debug\lb4.exe.embed.manifest" /manifest Debug\lb4.exe.intermediate.manifest
         Для всех выходных данных обновления не требуется.
       LinkEmbedManifest:
         Для всех выходных данных обновления не требуется.
         lb4.vcxproj -> D:\lb4\Debug\lb4.exe
       FinalizeBuildStatus:
         Файл "Debug\lb4.unsuccessfulbuild" удаляется.
         Обращение к "Debug\lb4.lastbuildstate".
     1>Построение проекта "D:\lb4\lb4\lb4.vcxproj" завершено (целевые объекты build).

Построение успешно завершено.

Затраченное время: 00:00:02.25
