D:\LB4\DEBUG\LB4.EXE
D:\LB4\DEBUG\LB4.ILK
D:\LB4\DEBUG\LB4.PDB
D:\LB4\LB4\DEBUG\ANSWER.OBJ
D:\lb4\lb4\Debug\cl.command.1.tlog
D:\lb4\lb4\Debug\CL.read.1.tlog
D:\lb4\lb4\Debug\CL.write.1.tlog
D:\LB4\LB4\DEBUG\EXAM.OBJ
D:\LB4\LB4\DEBUG\FINEXAM.OBJ
D:\LB4\LB4\DEBUG\ISPYTANIE.OBJ
D:\LB4\LB4\DEBUG\LB4.EXE.EMBED.MANIFEST
D:\LB4\LB4\DEBUG\LB4.EXE.EMBED.MANIFEST.RES
D:\LB4\LB4\DEBUG\LB4.EXE.INTERMEDIATE.MANIFEST
D:\LB4\LB4\DEBUG\LB4.OBJ
D:\LB4\LB4\DEBUG\LB4.PCH
D:\lb4\lb4\Debug\lb4.vcxprojResolveAssemblyReference.cache
D:\lb4\lb4\Debug\lb4.write.1.tlog
D:\lb4\lb4\Debug\lb4_manifest.rc
D:\lb4\lb4\Debug\link.6564.read.1.tlog
D:\lb4\lb4\Debug\link.6564.write.1.tlog
D:\lb4\lb4\Debug\link.6564-cvtres.read.1.tlog
D:\lb4\lb4\Debug\link.6564-cvtres.write.1.tlog
D:\lb4\lb4\Debug\link.command.1.tlog
D:\lb4\lb4\Debug\link.read.1.tlog
D:\lb4\lb4\Debug\link.write.1.tlog
D:\lb4\lb4\Debug\link-cvtres.read.1.tlog
D:\lb4\lb4\Debug\link-cvtres.write.1.tlog
D:\lb4\lb4\Debug\mt.command.1.tlog
D:\lb4\lb4\Debug\mt.read.1.tlog
D:\lb4\lb4\Debug\mt.write.1.tlog
D:\LB4\LB4\DEBUG\QUESTION.OBJ
D:\lb4\lb4\Debug\rc.command.1.tlog
D:\lb4\lb4\Debug\rc.read.1.tlog
D:\lb4\lb4\Debug\rc.write.1.tlog
D:\LB4\LB4\DEBUG\RESULT.OBJ
D:\LB4\LB4\DEBUG\STDAFX.OBJ
D:\LB4\LB4\DEBUG\TEST.OBJ
D:\lb4\lb4\Debug\vc100.idb
D:\LB4\LB4\DEBUG\VC100.PDB
